[0.580s] Invoking command in '/home/faress-farrag/ros2_ws/src/my_turtle_pkg': DEBUGINFOD_URLS=https://debuginfod.ubuntu.com PYTHONPATH=/home/faress-farrag/ros2_ws/build/my_turtle_pkg/prefix_override:/usr/lib/python3/dist-packages/colcon_core/task/python/colcon_distutils_commands:/home/faress-farrag/ros2_ws/install/my_turtle_pkg/lib/python3.12/site-packages:${PYTHONPATH} /usr/bin/python3 -W ignore:setup.py install is deprecated -W ignore:easy_install command is deprecated setup.py egg_info --egg-base ../../build/my_turtle_pkg build --build-base /home/faress-farrag/ros2_ws/build/my_turtle_pkg/build install --record /home/faress-farrag/ros2_ws/build/my_turtle_pkg/install.log --single-version-externally-managed install_data
[0.777s] running egg_info
[0.790s] writing ../../build/my_turtle_pkg/my_turtle_pkg.egg-info/PKG-INFO
[0.790s] writing dependency_links to ../../build/my_turtle_pkg/my_turtle_pkg.egg-info/dependency_links.txt
[0.790s] writing entry points to ../../build/my_turtle_pkg/my_turtle_pkg.egg-info/entry_points.txt
[0.790s] writing requirements to ../../build/my_turtle_pkg/my_turtle_pkg.egg-info/requires.txt
[0.790s] writing top-level names to ../../build/my_turtle_pkg/my_turtle_pkg.egg-info/top_level.txt
[0.819s] reading manifest file '../../build/my_turtle_pkg/my_turtle_pkg.egg-info/SOURCES.txt'
[0.819s] writing manifest file '../../build/my_turtle_pkg/my_turtle_pkg.egg-info/SOURCES.txt'
[0.819s] running build
[0.819s] running build_py
[0.819s] copying my_turtle_pkg/turtle_autonomy.py -> /home/faress-farrag/ros2_ws/build/my_turtle_pkg/build/lib/my_turtle_pkg
[0.819s] running install
[0.825s] running install_lib
[0.839s] copying /home/faress-farrag/ros2_ws/build/my_turtle_pkg/build/lib/my_turtle_pkg/turtle_autonomy.py -> /home/faress-farrag/ros2_ws/install/my_turtle_pkg/lib/python3.12/site-packages/my_turtle_pkg
[0.839s] byte-compiling /home/faress-farrag/ros2_ws/install/my_turtle_pkg/lib/python3.12/site-packages/my_turtle_pkg/turtle_autonomy.py to turtle_autonomy.cpython-312.pyc
[0.840s] running install_data
[0.841s] running install_egg_info
[0.855s] removing '/home/faress-farrag/ros2_ws/install/my_turtle_pkg/lib/python3.12/site-packages/my_turtle_pkg-0.0.0-py3.12.egg-info' (and everything under it)
[0.856s] Copying ../../build/my_turtle_pkg/my_turtle_pkg.egg-info to /home/faress-farrag/ros2_ws/install/my_turtle_pkg/lib/python3.12/site-packages/my_turtle_pkg-0.0.0-py3.12.egg-info
[0.856s] running install_scripts
[0.952s] Installing turtle_autonomy script to /home/faress-farrag/ros2_ws/install/my_turtle_pkg/lib/my_turtle_pkg
[0.952s] writing list of installed files to '/home/faress-farrag/ros2_ws/build/my_turtle_pkg/install.log'
[0.975s] Invoked command in '/home/faress-farrag/ros2_ws/src/my_turtle_pkg' returned '0': DEBUGINFOD_URLS=https://debuginfod.ubuntu.com PYTHONPATH=/home/faress-farrag/ros2_ws/build/my_turtle_pkg/prefix_override:/usr/lib/python3/dist-packages/colcon_core/task/python/colcon_distutils_commands:/home/faress-farrag/ros2_ws/install/my_turtle_pkg/lib/python3.12/site-packages:${PYTHONPATH} /usr/bin/python3 -W ignore:setup.py install is deprecated -W ignore:easy_install command is deprecated setup.py egg_info --egg-base ../../build/my_turtle_pkg build --build-base /home/faress-farrag/ros2_ws/build/my_turtle_pkg/build install --record /home/faress-farrag/ros2_ws/build/my_turtle_pkg/install.log --single-version-externally-managed install_data
